0 info it worked if it ends with ok
1 verbose cli [ '/usr/local/bin/node', '/usr/local/bin/npm', 'install' ]
2 info using npm@2.14.7
3 info using node@v4.2.1
4 verbose readDependencies loading dependencies from /Users/phenriques/Sites/PARDNA/pardna-app/app/frontend/package.json
5 warn package.json pardna-app@0.0.1 No repository field.
6 warn package.json pardna-app@0.0.1 No license field.
7 verbose install where, deps [ '/Users/phenriques/Sites/PARDNA/pardna-app/app/frontend',
7 verbose install   [ 'bower',
7 verbose install     'fs-utils',
7 verbose install     'gulp',
7 verbose install     'gulp-angular-templatecache',
7 verbose install     'gulp-concat',
7 verbose install     'gulp-connect',
7 verbose install     'gulp-less',
7 verbose install     'gulp-minify-css',
7 verbose install     'gulp-minify-html',
7 verbose install     'gulp-rename',
7 verbose install     'gulp-replace-task',
7 verbose install     'gulp-rev',
7 verbose install     'gulp-uglify',
7 verbose install     'gulp-usemin',
7 verbose install     'gulp-util',
7 verbose install     'gulp-watch',
7 verbose install     'gulp-wrap',
7 verbose install     'karma',
7 verbose install     'karma-jasmine',
7 verbose install     'yargs' ] ]
8 verbose install where, peers [ '/Users/phenriques/Sites/PARDNA/pardna-app/app/frontend', [] ]
9 verbose installManyTop reading for lifecycle /Users/phenriques/Sites/PARDNA/pardna-app/app/frontend/package.json
10 info preinstall pardna-app@0.0.1
11 verbose installManyTop reading scoped package data from /Users/phenriques/Sites/PARDNA/pardna-app/app/frontend/node_modules/bower/package.json
12 verbose installManyTop reading scoped package data from /Users/phenriques/Sites/PARDNA/pardna-app/app/frontend/node_modules/fs-utils/package.json
13 verbose installManyTop reading scoped package data from /Users/phenriques/Sites/PARDNA/pardna-app/app/frontend/node_modules/gulp/package.json
14 verbose installManyTop reading scoped package data from /Users/phenriques/Sites/PARDNA/pardna-app/app/frontend/node_modules/gulp-angular-templatecache/package.json
15 verbose installManyTop reading scoped package data from /Users/phenriques/Sites/PARDNA/pardna-app/app/frontend/node_modules/gulp-concat/package.json
16 verbose installManyTop reading scoped package data from /Users/phenriques/Sites/PARDNA/pardna-app/app/frontend/node_modules/gulp-connect/package.json
17 verbose installManyTop reading scoped package data from /Users/phenriques/Sites/PARDNA/pardna-app/app/frontend/node_modules/gulp-less/package.json
18 verbose installManyTop reading scoped package data from /Users/phenriques/Sites/PARDNA/pardna-app/app/frontend/node_modules/gulp-minify-css/package.json
19 verbose installManyTop reading scoped package data from /Users/phenriques/Sites/PARDNA/pardna-app/app/frontend/node_modules/gulp-minify-html/package.json
20 verbose installManyTop reading scoped package data from /Users/phenriques/Sites/PARDNA/pardna-app/app/frontend/node_modules/gulp-order/package.json
21 verbose installManyTop reading scoped package data from /Users/phenriques/Sites/PARDNA/pardna-app/app/frontend/node_modules/gulp-rename/package.json
22 verbose installManyTop reading scoped package data from /Users/phenriques/Sites/PARDNA/pardna-app/app/frontend/node_modules/gulp-replace-task/package.json
23 verbose installManyTop reading scoped package data from /Users/phenriques/Sites/PARDNA/pardna-app/app/frontend/node_modules/gulp-rev/package.json
24 verbose installManyTop reading scoped package data from /Users/phenriques/Sites/PARDNA/pardna-app/app/frontend/node_modules/gulp-uglify/package.json
25 verbose installManyTop reading scoped package data from /Users/phenriques/Sites/PARDNA/pardna-app/app/frontend/node_modules/gulp-usemin/package.json
26 verbose installManyTop reading scoped package data from /Users/phenriques/Sites/PARDNA/pardna-app/app/frontend/node_modules/gulp-util/package.json
27 verbose installManyTop reading scoped package data from /Users/phenriques/Sites/PARDNA/pardna-app/app/frontend/node_modules/gulp-watch/package.json
28 verbose installManyTop reading scoped package data from /Users/phenriques/Sites/PARDNA/pardna-app/app/frontend/node_modules/gulp-wrap/package.json
29 verbose installManyTop reading scoped package data from /Users/phenriques/Sites/PARDNA/pardna-app/app/frontend/node_modules/karma/package.json
30 verbose installManyTop reading scoped package data from /Users/phenriques/Sites/PARDNA/pardna-app/app/frontend/node_modules/karma-jasmine/package.json
31 verbose installManyTop reading scoped package data from /Users/phenriques/Sites/PARDNA/pardna-app/app/frontend/node_modules/yargs/package.json
32 info package.json gulp@3.8.11 No license field.
33 info package.json fs-utils@0.6.0 No license field.
34 info package.json gulp-replace-task@0.1.0 No license field.
35 info package.json gulp-wrap@0.3.0 No license field.
36 info package.json gulp-minify-html@0.1.8 No license field.
37 info package.json gulp-concat@2.4.3 No license field.
38 info package.json gulp-minify-css@0.3.13 No license field.
39 info package.json gulp-rename@1.2.0 No license field.
40 info package.json yargs@1.3.3 license should be a valid SPDX license expression
41 info package.json gulp-order@1.1.1 license should be a valid SPDX license expression
42 verbose readDependencies loading dependencies from /Users/phenriques/Sites/PARDNA/pardna-app/app/frontend/package.json
43 verbose targetResolver reading package data from /Users/phenriques/Sites/PARDNA/pardna-app/app/frontend/node_modules/bower/package.json
44 verbose targetResolver reading package data from /Users/phenriques/Sites/PARDNA/pardna-app/app/frontend/node_modules/fs-utils/package.json
45 verbose targetResolver reading package data from /Users/phenriques/Sites/PARDNA/pardna-app/app/frontend/node_modules/gulp/package.json
46 verbose targetResolver reading package data from /Users/phenriques/Sites/PARDNA/pardna-app/app/frontend/node_modules/gulp-angular-templatecache/package.json
47 verbose targetResolver reading package data from /Users/phenriques/Sites/PARDNA/pardna-app/app/frontend/node_modules/gulp-concat/package.json
48 verbose targetResolver reading package data from /Users/phenriques/Sites/PARDNA/pardna-app/app/frontend/node_modules/gulp-connect/package.json
49 verbose targetResolver reading package data from /Users/phenriques/Sites/PARDNA/pardna-app/app/frontend/node_modules/gulp-less/package.json
50 verbose targetResolver reading package data from /Users/phenriques/Sites/PARDNA/pardna-app/app/frontend/node_modules/gulp-minify-css/package.json
51 verbose targetResolver reading package data from /Users/phenriques/Sites/PARDNA/pardna-app/app/frontend/node_modules/gulp-minify-html/package.json
52 verbose targetResolver reading package data from /Users/phenriques/Sites/PARDNA/pardna-app/app/frontend/node_modules/gulp-order/package.json
53 verbose targetResolver reading package data from /Users/phenriques/Sites/PARDNA/pardna-app/app/frontend/node_modules/gulp-rename/package.json
54 verbose targetResolver reading package data from /Users/phenriques/Sites/PARDNA/pardna-app/app/frontend/node_modules/gulp-replace-task/package.json
55 verbose targetResolver reading package data from /Users/phenriques/Sites/PARDNA/pardna-app/app/frontend/node_modules/gulp-rev/package.json
56 verbose targetResolver reading package data from /Users/phenriques/Sites/PARDNA/pardna-app/app/frontend/node_modules/gulp-uglify/package.json
57 verbose targetResolver reading package data from /Users/phenriques/Sites/PARDNA/pardna-app/app/frontend/node_modules/gulp-usemin/package.json
58 verbose targetResolver reading package data from /Users/phenriques/Sites/PARDNA/pardna-app/app/frontend/node_modules/gulp-util/package.json
59 verbose targetResolver reading package data from /Users/phenriques/Sites/PARDNA/pardna-app/app/frontend/node_modules/gulp-watch/package.json
60 verbose targetResolver reading package data from /Users/phenriques/Sites/PARDNA/pardna-app/app/frontend/node_modules/gulp-wrap/package.json
61 verbose targetResolver reading package data from /Users/phenriques/Sites/PARDNA/pardna-app/app/frontend/node_modules/karma/package.json
62 verbose targetResolver reading package data from /Users/phenriques/Sites/PARDNA/pardna-app/app/frontend/node_modules/karma-jasmine/package.json
63 verbose targetResolver reading package data from /Users/phenriques/Sites/PARDNA/pardna-app/app/frontend/node_modules/yargs/package.json
64 verbose targetResolver reading package data from /Users/phenriques/Sites/PARDNA/pardna-app/app/frontend/node_modules/.bin/bower/package.json
65 verbose targetResolver reading package data from /Users/phenriques/Sites/PARDNA/pardna-app/app/frontend/node_modules/.bin/gulp/package.json
66 verbose targetResolver reading package data from /Users/phenriques/Sites/PARDNA/pardna-app/app/frontend/node_modules/.bin/karma/package.json
67 verbose already installed skipping gulp-wrap@^0.3.0 /Users/phenriques/Sites/PARDNA/pardna-app/app/frontend
68 verbose already installed skipping karma@~0.12.0 /Users/phenriques/Sites/PARDNA/pardna-app/app/frontend
69 verbose already installed skipping karma-jasmine@~0.2.2 /Users/phenriques/Sites/PARDNA/pardna-app/app/frontend
70 verbose already installed skipping yargs@1.3.3 /Users/phenriques/Sites/PARDNA/pardna-app/app/frontend
71 verbose already installed skipping bower@^1.3.9 /Users/phenriques/Sites/PARDNA/pardna-app/app/frontend
72 verbose already installed skipping fs-utils@0.6.0 /Users/phenriques/Sites/PARDNA/pardna-app/app/frontend
73 verbose already installed skipping gulp@~3.8.0 /Users/phenriques/Sites/PARDNA/pardna-app/app/frontend
74 verbose already installed skipping gulp-angular-templatecache@1.4.2 /Users/phenriques/Sites/PARDNA/pardna-app/app/frontend
75 verbose already installed skipping gulp-concat@2.4.3 /Users/phenriques/Sites/PARDNA/pardna-app/app/frontend
76 verbose already installed skipping gulp-connect@^2.2.0 /Users/phenriques/Sites/PARDNA/pardna-app/app/frontend
77 verbose already installed skipping gulp-less@~1.3.3 /Users/phenriques/Sites/PARDNA/pardna-app/app/frontend
78 verbose already installed skipping gulp-minify-css@0.3.13 /Users/phenriques/Sites/PARDNA/pardna-app/app/frontend
79 verbose already installed skipping gulp-minify-html@0.1.8 /Users/phenriques/Sites/PARDNA/pardna-app/app/frontend
80 verbose already installed skipping gulp-rename@1.2.0 /Users/phenriques/Sites/PARDNA/pardna-app/app/frontend
81 verbose already installed skipping gulp-replace-task@~0.1.0 /Users/phenriques/Sites/PARDNA/pardna-app/app/frontend
82 verbose already installed skipping gulp-rev@2.0.1 /Users/phenriques/Sites/PARDNA/pardna-app/app/frontend
83 verbose already installed skipping gulp-uglify@1.0.2 /Users/phenriques/Sites/PARDNA/pardna-app/app/frontend
84 verbose already installed skipping gulp-usemin@^0.3.7 /Users/phenriques/Sites/PARDNA/pardna-app/app/frontend
85 verbose already installed skipping gulp-util@~3.0.2 /Users/phenriques/Sites/PARDNA/pardna-app/app/frontend
86 verbose already installed skipping gulp-watch@^0.6.9 /Users/phenriques/Sites/PARDNA/pardna-app/app/frontend
87 silly install resolved []
88 info build /Users/phenriques/Sites/PARDNA/pardna-app/app/frontend
89 info linkStuff pardna-app@0.0.1
90 silly linkStuff pardna-app@0.0.1 has /Users/phenriques/Sites/PARDNA/pardna-app/app as its parent node_modules
91 verbose linkBins pardna-app@0.0.1
92 verbose linkMans pardna-app@0.0.1
93 verbose rebuildBundles pardna-app@0.0.1
94 verbose rebuildBundles [ '.bin',
94 verbose rebuildBundles   'bower',
94 verbose rebuildBundles   'fs-utils',
94 verbose rebuildBundles   'gulp',
94 verbose rebuildBundles   'gulp-angular-templatecache',
94 verbose rebuildBundles   'gulp-concat',
94 verbose rebuildBundles   'gulp-connect',
94 verbose rebuildBundles   'gulp-less',
94 verbose rebuildBundles   'gulp-minify-css',
94 verbose rebuildBundles   'gulp-minify-html',
94 verbose rebuildBundles   'gulp-order',
94 verbose rebuildBundles   'gulp-rename',
94 verbose rebuildBundles   'gulp-replace-task',
94 verbose rebuildBundles   'gulp-rev',
94 verbose rebuildBundles   'gulp-uglify',
94 verbose rebuildBundles   'gulp-usemin',
94 verbose rebuildBundles   'gulp-util',
94 verbose rebuildBundles   'gulp-watch',
94 verbose rebuildBundles   'gulp-wrap',
94 verbose rebuildBundles   'karma',
94 verbose rebuildBundles   'karma-jasmine',
94 verbose rebuildBundles   'yargs' ]
95 verbose rebuild bundle /Users/phenriques/Sites/PARDNA/pardna-app/app/frontend/node_modules/gulp-order
96 info build /Users/phenriques/Sites/PARDNA/pardna-app/app/frontend/node_modules/gulp-order
97 info preinstall gulp-order@1.1.1
98 info linkStuff gulp-order@1.1.1
99 silly linkStuff gulp-order@1.1.1 has /Users/phenriques/Sites/PARDNA/pardna-app/app/frontend/node_modules as its parent node_modules
100 verbose linkBins gulp-order@1.1.1
101 verbose linkMans gulp-order@1.1.1
102 verbose rebuildBundles gulp-order@1.1.1
103 verbose rebuildBundles [ 'minimatch', 'through' ]
104 info install gulp-order@1.1.1
105 info postinstall gulp-order@1.1.1
106 info install pardna-app@0.0.1
107 info postinstall pardna-app@0.0.1
108 verbose unsafe-perm in lifecycle true
109 info pardna-app@0.0.1 Failed to exec postinstall script
110 verbose stack Error: pardna-app@0.0.1 postinstall: `node node_modules/bower/bin/bower install`
110 verbose stack Exit status 1
110 verbose stack     at EventEmitter.<anonymous> (/usr/local/lib/node_modules/npm/lib/utils/lifecycle.js:214:16)
110 verbose stack     at emitTwo (events.js:87:13)
110 verbose stack     at EventEmitter.emit (events.js:172:7)
110 verbose stack     at ChildProcess.<anonymous> (/usr/local/lib/node_modules/npm/lib/utils/spawn.js:24:14)
110 verbose stack     at emitTwo (events.js:87:13)
110 verbose stack     at ChildProcess.emit (events.js:172:7)
110 verbose stack     at maybeClose (internal/child_process.js:818:16)
110 verbose stack     at Process.ChildProcess._handle.onexit (internal/child_process.js:211:5)
111 verbose pkgid pardna-app@0.0.1
112 verbose cwd /Users/phenriques/Sites/PARDNA/pardna-app/app/frontend
113 error Darwin 15.0.0
114 error argv "/usr/local/bin/node" "/usr/local/bin/npm" "install"
115 error node v4.2.1
116 error npm  v2.14.7
117 error code ELIFECYCLE
118 error pardna-app@0.0.1 postinstall: `node node_modules/bower/bin/bower install`
118 error Exit status 1
119 error Failed at the pardna-app@0.0.1 postinstall script 'node node_modules/bower/bin/bower install'.
119 error This is most likely a problem with the pardna-app package,
119 error not with npm itself.
119 error Tell the author that this fails on your system:
119 error     node node_modules/bower/bin/bower install
119 error You can get their info via:
119 error     npm owner ls pardna-app
119 error There is likely additional logging output above.
120 verbose exit [ 1, true ]
